[22/Jul/2024 16:42:26] INFO [top.py:45] LPTop solver
[22/Jul/2024 16:42:27] INFO [top.py:50] Loaded data from /home/azureuser/cloudfiles/code/Users/e1310988/satellite-te/input/starlink/DataSetForSaTE100/GrdStation/StarLink_DataSetForAgent100_10_A.pkl
Traceback (most recent call last):
  File "/mnt/batch/tasks/shared/LS_root/mounts/clusters/a100/code/baselines/run/top.py", line 176, in <module>
    benchmark(args)
  File "/mnt/batch/tasks/shared/LS_root/mounts/clusters/a100/code/baselines/run/top.py", line 102, in benchmark
    tm = dict_to_numpy(tm, mode, size)
  File "/mnt/batch/tasks/shared/LS_root/mounts/clusters/a100/code/baselines/run/../lib/lp/algorithms/load_starlink.py", line 158, in dict_to_numpy
    array[int(src), int(dst)] = value
IndexError: index 8522 is out of bounds for axis 0 with size 6558
[22/Jul/2024 16:42:30] INFO [top.py:45] LPTop solver
[22/Jul/2024 16:42:30] INFO [top.py:50] Loaded data from /home/azureuser/cloudfiles/code/Users/e1310988/satellite-te/input/starlink/DataSetForSaTE100/ISL/StarLink_DataSetForAgent100_10_A.pkl
Traceback (most recent call last):
  File "/mnt/batch/tasks/shared/LS_root/mounts/clusters/a100/code/baselines/run/top.py", line 176, in <module>
    benchmark(args)
  File "/mnt/batch/tasks/shared/LS_root/mounts/clusters/a100/code/baselines/run/top.py", line 102, in benchmark
    tm = dict_to_numpy(tm, mode, size)
  File "/mnt/batch/tasks/shared/LS_root/mounts/clusters/a100/code/baselines/run/../lib/lp/algorithms/load_starlink.py", line 158, in dict_to_numpy
    array[int(src), int(dst)] = value
IndexError: index 8300 is out of bounds for axis 0 with size 6336
[22/Jul/2024 16:47:10] INFO [top.py:45] LPTop solver
[22/Jul/2024 16:47:11] INFO [top.py:50] Loaded data from /home/azureuser/cloudfiles/code/Users/e1310988/satellite-te/input/starlink/DataSetForSaTE100/GrdStation/StarLink_DataSetForAgent100_10_A.pkl
Computing topology 0:   0%|          | 0/1 [00:00<?, ?it/s]Set parameter Username
[22/Jul/2024 16:48:33] INFO [top_formulation.py:129] Set parameter Username
Academic license - for non-commercial use only - expires 2025-04-26
[22/Jul/2024 16:48:33] INFO [top_formulation.py:129] Academic license - for non-commercial use only - expires 2025-04-26
Set parameter Threads to value 16
[22/Jul/2024 16:48:40] INFO [lp_solver.py:45] Set parameter Threads to value 16
Set parameter Method to value 3
[22/Jul/2024 16:48:40] INFO [lp_solver.py:46] Set parameter Method to value 3
Gurobi Optimizer version 11.0.1 build v11.0.1rc0 (linux64 - "Ubuntu 20.04.6 LTS")
[22/Jul/2024 16:48:40] INFO [lp_solver.py:56] Gurobi Optimizer version 11.0.1 build v11.0.1rc0 (linux64 - "Ubuntu 20.04.6 LTS")

[22/Jul/2024 16:48:40] INFO [lp_solver.py:56] 
CPU model: AMD EPYC 7V13 64-Core Processor, instruction set [SSE2|AVX|AVX2]
[22/Jul/2024 16:48:40] INFO [lp_solver.py:56] CPU model: AMD EPYC 7V13 64-Core Processor, instruction set [SSE2|AVX|AVX2]
Thread count: 24 physical cores, 24 logical processors, using up to 16 threads
[22/Jul/2024 16:48:40] INFO [lp_solver.py:56] Thread count: 24 physical cores, 24 logical processors, using up to 16 threads

[22/Jul/2024 16:48:40] INFO [lp_solver.py:56] 
Optimize a model with 22956 rows, 16100 columns and 457490 nonzeros
[22/Jul/2024 16:48:40] INFO [lp_solver.py:56] Optimize a model with 22956 rows, 16100 columns and 457490 nonzeros
Model fingerprint: 0xdddcc50a
[22/Jul/2024 16:48:40] INFO [lp_solver.py:56] Model fingerprint: 0xdddcc50a
Coefficient statistics:
[22/Jul/2024 16:48:40] INFO [lp_solver.py:56] Coefficient statistics:
  Matrix range     [1e+00, 1e+00]
[22/Jul/2024 16:48:40] INFO [lp_solver.py:56]   Matrix range     [1e+00, 1e+00]
  Objective range  [1e+00, 1e+00]
[22/Jul/2024 16:48:40] INFO [lp_solver.py:56]   Objective range  [1e+00, 1e+00]
  Bounds range     [0e+00, 0e+00]
[22/Jul/2024 16:48:40] INFO [lp_solver.py:56]   Bounds range     [0e+00, 0e+00]
  RHS range        [3e+00, 8e+02]
[22/Jul/2024 16:48:40] INFO [lp_solver.py:56]   RHS range        [3e+00, 8e+02]
Presolve removed 4869 rows and 1048 columns
[22/Jul/2024 16:48:40] INFO [lp_solver.py:56] Presolve removed 4869 rows and 1048 columns
Presolve time: 0.11s
[22/Jul/2024 16:48:40] INFO [lp_solver.py:56] Presolve time: 0.11s
Presolved: 18087 rows, 15052 columns, 411209 nonzeros
[22/Jul/2024 16:48:40] INFO [lp_solver.py:56] Presolved: 18087 rows, 15052 columns, 411209 nonzeros

[22/Jul/2024 16:48:40] INFO [lp_solver.py:56] 
Concurrent LP optimizer: primal simplex, dual simplex, and barrier
[22/Jul/2024 16:48:40] INFO [lp_solver.py:56] Concurrent LP optimizer: primal simplex, dual simplex, and barrier
Showing barrier log only...
[22/Jul/2024 16:48:40] INFO [lp_solver.py:56] Showing barrier log only...

[22/Jul/2024 16:48:40] INFO [lp_solver.py:56] 
Ordering time: 1.59s
[22/Jul/2024 16:48:42] INFO [lp_solver.py:56] Ordering time: 1.59s

[22/Jul/2024 16:48:42] INFO [lp_solver.py:56] 
Barrier statistics:
[22/Jul/2024 16:48:42] INFO [lp_solver.py:56] Barrier statistics:
 AA' NZ     : 2.294e+06
[22/Jul/2024 16:48:42] INFO [lp_solver.py:56]  AA' NZ     : 2.294e+06
 Factor NZ  : 3.479e+07 (roughly 300 MB of memory)
[22/Jul/2024 16:48:42] INFO [lp_solver.py:56]  Factor NZ  : 3.479e+07 (roughly 300 MB of memory)
 Factor Ops : 1.034e+11 (less than 1 second per iteration)
[22/Jul/2024 16:48:42] INFO [lp_solver.py:56]  Factor Ops : 1.034e+11 (less than 1 second per iteration)
 Threads    : 14
[22/Jul/2024 16:48:42] INFO [lp_solver.py:56]  Threads    : 14

[22/Jul/2024 16:48:42] INFO [lp_solver.py:56] 
                  Objective                Residual
[22/Jul/2024 16:48:42] INFO [lp_solver.py:56]                   Objective                Residual
Iter       Primal          Dual         Primal    Dual     Compl     Time
[22/Jul/2024 16:48:42] INFO [lp_solver.py:56] Iter       Primal          Dual         Primal    Dual     Compl     Time
   0   1.80931495e+07  1.61234387e+05  2.85e+05 3.19e-01  5.57e+02     2s
[22/Jul/2024 16:48:42] INFO [lp_solver.py:56]    0   1.80931495e+07  1.61234387e+05  2.85e+05 3.19e-01  5.57e+02     2s
   1   6.00638361e+06  2.92856374e+05  9.69e+04 3.72e-01  2.07e+02     2s
[22/Jul/2024 16:48:43] INFO [lp_solver.py:56]    1   6.00638361e+06  2.92856374e+05  9.69e+04 3.72e-01  2.07e+02     2s
   2   1.40574833e+06  3.19319362e+05  2.36e+04 5.13e-02  5.09e+01     3s
[22/Jul/2024 16:48:43] INFO [lp_solver.py:56]    2   1.40574833e+06  3.19319362e+05  2.36e+04 5.13e-02  5.09e+01     3s
   3   3.49918972e+05  2.56737387e+05  5.45e+03 8.88e-16  1.18e+01     3s
[22/Jul/2024 16:48:43] INFO [lp_solver.py:56]    3   3.49918972e+05  2.56737387e+05  5.45e+03 8.88e-16  1.18e+01     3s
   4   2.06731736e+05  1.72493363e+05  2.49e+03 8.88e-16  5.06e+00     3s
[22/Jul/2024 16:48:43] INFO [lp_solver.py:56]    4   2.06731736e+05  1.72493363e+05  2.49e+03 8.88e-16  5.06e+00     3s
   5   1.26417299e+05  1.24065351e+05  1.02e+03 6.66e-16  2.11e+00     3s
[22/Jul/2024 16:48:43] INFO [lp_solver.py:56]    5   1.26417299e+05  1.24065351e+05  1.02e+03 6.66e-16  2.11e+00     3s
   6   8.09286143e+04  9.14325899e+04  1.88e+02 1.55e-15  5.84e-01     3s
[22/Jul/2024 16:48:44] INFO [lp_solver.py:56]    6   8.09286143e+04  9.14325899e+04  1.88e+02 1.55e-15  5.84e-01     3s
   7   7.49089883e+04  8.07402187e+04  5.23e+01 6.66e-16  2.16e-01     4s
[22/Jul/2024 16:48:44] INFO [lp_solver.py:56]    7   7.49089883e+04  8.07402187e+04  5.23e+01 6.66e-16  2.16e-01     4s
   8   7.41860807e+04  7.72226183e+04  2.30e+01 6.66e-16  1.03e-01     4s
[22/Jul/2024 16:48:44] INFO [lp_solver.py:56]    8   7.41860807e+04  7.72226183e+04  2.30e+01 6.66e-16  1.03e-01     4s
   9   7.40079638e+04  7.57031057e+04  1.18e+01 6.66e-16  5.56e-02     4s
[22/Jul/2024 16:48:44] INFO [lp_solver.py:56]    9   7.40079638e+04  7.57031057e+04  1.18e+01 6.66e-16  5.56e-02     4s
  10   7.39260434e+04  7.46285335e+04  5.30e+00 6.66e-16  2.36e-02     4s
[22/Jul/2024 16:48:44] INFO [lp_solver.py:56]   10   7.39260434e+04  7.46285335e+04  5.30e+00 6.66e-16  2.36e-02     4s
  11   7.39083712e+04  7.41379819e+04  2.46e+00 6.66e-16  8.95e-03     4s
[22/Jul/2024 16:48:45] INFO [lp_solver.py:56]   11   7.39083712e+04  7.41379819e+04  2.46e+00 6.66e-16  8.95e-03     4s
  12   7.38974654e+04  7.40185819e+04  6.00e-01 6.66e-16  3.54e-03     5s
[22/Jul/2024 16:48:45] INFO [lp_solver.py:56]   12   7.38974654e+04  7.40185819e+04  6.00e-01 6.66e-16  3.54e-03     5s
  13   7.38998392e+04  7.39441803e+04  2.05e-01 4.44e-16  1.27e-03     5s
[22/Jul/2024 16:48:45] INFO [lp_solver.py:56]   13   7.38998392e+04  7.39441803e+04  2.05e-01 4.44e-16  1.27e-03     5s
  14   7.39019580e+04  7.39255043e+04  9.64e-02 8.88e-16  6.54e-04     5s
[22/Jul/2024 16:48:46] INFO [lp_solver.py:56]   14   7.39019580e+04  7.39255043e+04  9.64e-02 8.88e-16  6.54e-04     5s
  15   7.39026825e+04  7.39168096e+04  6.85e-02 6.66e-16  4.11e-04     6s
[22/Jul/2024 16:48:46] INFO [lp_solver.py:56]   15   7.39026825e+04  7.39168096e+04  6.85e-02 6.66e-16  4.11e-04     6s
  16   7.39036604e+04  7.39107837e+04  2.91e-02 4.44e-16  1.98e-04     6s
[22/Jul/2024 16:48:46] INFO [lp_solver.py:56]   16   7.39036604e+04  7.39107837e+04  2.91e-02 4.44e-16  1.98e-04     6s
  17   7.39042571e+04  7.39071536e+04  1.08e-02 4.44e-16  7.86e-05     6s
[22/Jul/2024 16:48:46] INFO [lp_solver.py:56]   17   7.39042571e+04  7.39071536e+04  1.08e-02 4.44e-16  7.86e-05     6s
  18   7.39045960e+04  7.39051401e+04  1.69e-03 1.33e-15  1.42e-05     7s
[22/Jul/2024 16:48:47] INFO [lp_solver.py:56]   18   7.39045960e+04  7.39051401e+04  1.69e-03 1.33e-15  1.42e-05     7s
  19   7.39046741e+04  7.39047202e+04  2.75e-04 1.11e-15  1.43e-06     7s
[22/Jul/2024 16:48:47] INFO [lp_solver.py:56]   19   7.39046741e+04  7.39047202e+04  2.75e-04 1.11e-15  1.43e-06     7s
  20   7.39046923e+04  7.39046967e+04  1.45e-05 6.66e-16  1.16e-07     7s
[22/Jul/2024 16:48:48] INFO [lp_solver.py:56]   20   7.39046923e+04  7.39046967e+04  1.45e-05 6.66e-16  1.16e-07     7s
  21   7.39046937e+04  7.39046941e+04  2.40e-06 1.55e-15  1.17e-08     8s
[22/Jul/2024 16:48:48] INFO [lp_solver.py:56]   21   7.39046937e+04  7.39046941e+04  2.40e-06 1.55e-15  1.17e-08     8s
  22   7.39046940e+04  7.39046940e+04  1.68e-07 3.33e-15  1.22e-10     8s
[22/Jul/2024 16:48:48] INFO [lp_solver.py:56]   22   7.39046940e+04  7.39046940e+04  1.68e-07 3.33e-15  1.22e-10     8s

[22/Jul/2024 16:48:48] INFO [lp_solver.py:56] 
Barrier solved model in 22 iterations and 7.95 seconds (12.07 work units)
[22/Jul/2024 16:48:48] INFO [lp_solver.py:56] Barrier solved model in 22 iterations and 7.95 seconds (12.07 work units)
Optimal objective 7.39046940e+04
[22/Jul/2024 16:48:48] INFO [lp_solver.py:56] Optimal objective 7.39046940e+04

[22/Jul/2024 16:48:48] INFO [lp_solver.py:56] 
Crossover log...
[22/Jul/2024 16:48:48] INFO [lp_solver.py:56] Crossover log...

[22/Jul/2024 16:48:48] INFO [lp_solver.py:56] 
     477 DPushes remaining with DInf 0.0000000e+00                 8s
[22/Jul/2024 16:48:48] INFO [lp_solver.py:56]      477 DPushes remaining with DInf 0.0000000e+00                 8s
       0 DPushes remaining with DInf 0.0000000e+00                 8s
[22/Jul/2024 16:48:48] INFO [lp_solver.py:56]        0 DPushes remaining with DInf 0.0000000e+00                 8s

[22/Jul/2024 16:48:48] INFO [lp_solver.py:56] 
    4096 PPushes remaining with PInf 3.6721227e-06                 8s
[22/Jul/2024 16:48:48] INFO [lp_solver.py:56]     4096 PPushes remaining with PInf 3.6721227e-06                 8s
       0 PPushes remaining with PInf 0.0000000e+00                 8s
[22/Jul/2024 16:48:48] INFO [lp_solver.py:56]        0 PPushes remaining with PInf 0.0000000e+00                 8s

[22/Jul/2024 16:48:48] INFO [lp_solver.py:56] 
  Push phase complete: Pinf 0.0000000e+00, Dinf 3.2290681e-12      8s
[22/Jul/2024 16:48:48] INFO [lp_solver.py:56]   Push phase complete: Pinf 0.0000000e+00, Dinf 3.2290681e-12      8s

[22/Jul/2024 16:48:48] INFO [lp_solver.py:56] 

[22/Jul/2024 16:48:48] INFO [lp_solver.py:56] 
Solved with barrier
[22/Jul/2024 16:48:48] INFO [lp_solver.py:56] Solved with barrier
Iteration    Objective       Primal Inf.    Dual Inf.      Time
[22/Jul/2024 16:48:48] INFO [lp_solver.py:56] Iteration    Objective       Primal Inf.    Dual Inf.      Time
    4566    7.3904694e+04   0.000000e+00   0.000000e+00      8s
[22/Jul/2024 16:48:48] INFO [lp_solver.py:56]     4566    7.3904694e+04   0.000000e+00   0.000000e+00      8s

[22/Jul/2024 16:48:48] INFO [lp_solver.py:56] 
Solved in 4566 iterations and 8.19 seconds (12.40 work units)
[22/Jul/2024 16:48:48] INFO [lp_solver.py:56] Solved in 4566 iterations and 8.19 seconds (12.40 work units)
Optimal objective  7.390469404e+04
[22/Jul/2024 16:48:48] INFO [lp_solver.py:56] Optimal objective  7.390469404e+04
Computing topology 0: 100%|██████████| 1/1 [01:17<00:00, 77.44s/it]Computing topology 0: 100%|██████████| 1/1 [01:17<00:00, 77.44s/it]
Computing topology 1:   0%|          | 0/1 [00:00<?, ?it/s]Set parameter Threads to value 16
[22/Jul/2024 16:50:36] INFO [lp_solver.py:45] Set parameter Threads to value 16
Set parameter Method to value 3
[22/Jul/2024 16:50:36] INFO [lp_solver.py:46] Set parameter Method to value 3
Gurobi Optimizer version 11.0.1 build v11.0.1rc0 (linux64 - "Ubuntu 20.04.6 LTS")
[22/Jul/2024 16:50:36] INFO [lp_solver.py:56] Gurobi Optimizer version 11.0.1 build v11.0.1rc0 (linux64 - "Ubuntu 20.04.6 LTS")

[22/Jul/2024 16:50:36] INFO [lp_solver.py:56] 
CPU model: AMD EPYC 7V13 64-Core Processor, instruction set [SSE2|AVX|AVX2]
[22/Jul/2024 16:50:36] INFO [lp_solver.py:56] CPU model: AMD EPYC 7V13 64-Core Processor, instruction set [SSE2|AVX|AVX2]
Thread count: 24 physical cores, 24 logical processors, using up to 16 threads
[22/Jul/2024 16:50:36] INFO [lp_solver.py:56] Thread count: 24 physical cores, 24 logical processors, using up to 16 threads

[22/Jul/2024 16:50:36] INFO [lp_solver.py:56] 
Optimize a model with 22999 rows, 16175 columns and 459035 nonzeros
[22/Jul/2024 16:50:36] INFO [lp_solver.py:56] Optimize a model with 22999 rows, 16175 columns and 459035 nonzeros
Model fingerprint: 0x9f70d3a3
[22/Jul/2024 16:50:36] INFO [lp_solver.py:56] Model fingerprint: 0x9f70d3a3
Coefficient statistics:
[22/Jul/2024 16:50:36] INFO [lp_solver.py:56] Coefficient statistics:
  Matrix range     [1e+00, 1e+00]
[22/Jul/2024 16:50:36] INFO [lp_solver.py:56]   Matrix range     [1e+00, 1e+00]
  Objective range  [1e+00, 1e+00]
[22/Jul/2024 16:50:36] INFO [lp_solver.py:56]   Objective range  [1e+00, 1e+00]
  Bounds range     [0e+00, 0e+00]
[22/Jul/2024 16:50:36] INFO [lp_solver.py:56]   Bounds range     [0e+00, 0e+00]
  RHS range        [3e+00, 8e+02]
[22/Jul/2024 16:50:36] INFO [lp_solver.py:56]   RHS range        [3e+00, 8e+02]
Presolve removed 4830 rows and 1051 columns
[22/Jul/2024 16:50:36] INFO [lp_solver.py:56] Presolve removed 4830 rows and 1051 columns
Presolve time: 0.11s
[22/Jul/2024 16:50:36] INFO [lp_solver.py:56] Presolve time: 0.11s
Presolved: 18169 rows, 15124 columns, 412790 nonzeros
[22/Jul/2024 16:50:36] INFO [lp_solver.py:56] Presolved: 18169 rows, 15124 columns, 412790 nonzeros

[22/Jul/2024 16:50:36] INFO [lp_solver.py:56] 
Concurrent LP optimizer: primal simplex, dual simplex, and barrier
[22/Jul/2024 16:50:36] INFO [lp_solver.py:56] Concurrent LP optimizer: primal simplex, dual simplex, and barrier
Showing barrier log only...
[22/Jul/2024 16:50:36] INFO [lp_solver.py:56] Showing barrier log only...

[22/Jul/2024 16:50:36] INFO [lp_solver.py:56] 
Ordering time: 1.60s
[22/Jul/2024 16:50:38] INFO [lp_solver.py:56] Ordering time: 1.60s

[22/Jul/2024 16:50:38] INFO [lp_solver.py:56] 
Barrier statistics:
[22/Jul/2024 16:50:38] INFO [lp_solver.py:56] Barrier statistics:
 AA' NZ     : 2.305e+06
[22/Jul/2024 16:50:38] INFO [lp_solver.py:56]  AA' NZ     : 2.305e+06
 Factor NZ  : 3.492e+07 (roughly 300 MB of memory)
[22/Jul/2024 16:50:38] INFO [lp_solver.py:56]  Factor NZ  : 3.492e+07 (roughly 300 MB of memory)
 Factor Ops : 1.038e+11 (less than 1 second per iteration)
[22/Jul/2024 16:50:38] INFO [lp_solver.py:56]  Factor Ops : 1.038e+11 (less than 1 second per iteration)
 Threads    : 14
[22/Jul/2024 16:50:38] INFO [lp_solver.py:56]  Threads    : 14

[22/Jul/2024 16:50:39] INFO [lp_solver.py:56] 
                  Objective                Residual
[22/Jul/2024 16:50:39] INFO [lp_solver.py:56]                   Objective                Residual
Iter       Primal          Dual         Primal    Dual     Compl     Time
[22/Jul/2024 16:50:39] INFO [lp_solver.py:56] Iter       Primal          Dual         Primal    Dual     Compl     Time
   0   1.73782771e+07  1.62416431e+05  2.78e+05 3.31e-01  5.33e+02     2s
[22/Jul/2024 16:50:39] INFO [lp_solver.py:56]    0   1.73782771e+07  1.62416431e+05  2.78e+05 3.31e-01  5.33e+02     2s
   1   5.40316310e+06  2.91945442e+05  8.87e+04 3.77e-01  1.92e+02     2s
[22/Jul/2024 16:50:39] INFO [lp_solver.py:56]    1   5.40316310e+06  2.91945442e+05  8.87e+04 3.77e-01  1.92e+02     2s
   2   1.29219518e+06  3.20101883e+05  2.21e+04 4.90e-02  4.75e+01     3s
[22/Jul/2024 16:50:39] INFO [lp_solver.py:56]    2   1.29219518e+06  3.20101883e+05  2.21e+04 4.90e-02  4.75e+01     3s
   3   3.58674114e+05  2.59686245e+05  5.73e+03 3.55e-04  1.22e+01     3s
[22/Jul/2024 16:50:39] INFO [lp_solver.py:56]    3   3.58674114e+05  2.59686245e+05  5.73e+03 3.55e-04  1.22e+01     3s
   4   2.00733654e+05  1.77662995e+05  2.46e+03 6.66e-16  5.12e+00     3s
[22/Jul/2024 16:50:39] INFO [lp_solver.py:56]    4   2.00733654e+05  1.77662995e+05  2.46e+03 6.66e-16  5.12e+00     3s
   5   1.17019320e+05  1.23528376e+05  8.83e+02 1.55e-15  1.99e+00     3s
[22/Jul/2024 16:50:40] INFO [lp_solver.py:56]    5   1.17019320e+05  1.23528376e+05  8.83e+02 1.55e-15  1.99e+00     3s
   6   7.68008580e+04  8.58000881e+04  1.12e+02 2.22e-15  3.94e-01     4s
[22/Jul/2024 16:50:40] INFO [lp_solver.py:56]    6   7.68008580e+04  8.58000881e+04  1.12e+02 2.22e-15  3.94e-01     4s
   7   7.42737596e+04  7.79676271e+04  3.22e+01 6.66e-16  1.32e-01     4s
[22/Jul/2024 16:50:40] INFO [lp_solver.py:56]    7   7.42737596e+04  7.79676271e+04  3.22e+01 6.66e-16  1.32e-01     4s
   8   7.41048023e+04  7.58759777e+04  1.23e+01 6.66e-16  5.74e-02     4s
[22/Jul/2024 16:50:40] INFO [lp_solver.py:56]    8   7.41048023e+04  7.58759777e+04  1.23e+01 6.66e-16  5.74e-02     4s
   9   7.40918271e+04  7.47512848e+04  4.04e+00 6.66e-16  2.04e-02     4s
[22/Jul/2024 16:50:41] INFO [lp_solver.py:56]    9   7.40918271e+04  7.47512848e+04  4.04e+00 6.66e-16  2.04e-02     4s
  10   7.41207214e+04  7.44544099e+04  1.91e+00 6.66e-16  1.01e-02     4s
[22/Jul/2024 16:50:41] INFO [lp_solver.py:56]   10   7.41207214e+04  7.44544099e+04  1.91e+00 6.66e-16  1.01e-02     4s
  11   7.41380277e+04  7.43239159e+04  1.02e+00 6.66e-16  5.55e-03     5s
[22/Jul/2024 16:50:41] INFO [lp_solver.py:56]   11   7.41380277e+04  7.43239159e+04  1.02e+00 6.66e-16  5.55e-03     5s
  12   7.41447094e+04  7.42645762e+04  6.99e-01 6.66e-16  3.65e-03     5s
[22/Jul/2024 16:50:41] INFO [lp_solver.py:56]   12   7.41447094e+04  7.42645762e+04  6.99e-01 6.66e-16  3.65e-03     5s
  13   7.41514024e+04  7.42181984e+04  3.88e-01 4.44e-16  2.03e-03     5s
[22/Jul/2024 16:50:42] INFO [lp_solver.py:56]   13   7.41514024e+04  7.42181984e+04  3.88e-01 4.44e-16  2.03e-03     5s
  14   7.41549377e+04  7.41946659e+04  2.37e-01 6.66e-16  1.22e-03     6s
[22/Jul/2024 16:50:42] INFO [lp_solver.py:56]   14   7.41549377e+04  7.41946659e+04  2.37e-01 6.66e-16  1.22e-03     6s
  15   7.41583590e+04  7.41766196e+04  9.17e-02 6.66e-16  5.31e-04     6s
[22/Jul/2024 16:50:42] INFO [lp_solver.py:56]   15   7.41583590e+04  7.41766196e+04  9.17e-02 6.66e-16  5.31e-04     6s
  16   7.41601864e+04  7.41661247e+04  2.88e-02 8.88e-16  1.71e-04     6s
[22/Jul/2024 16:50:43] INFO [lp_solver.py:56]   16   7.41601864e+04  7.41661247e+04  2.88e-02 8.88e-16  1.71e-04     6s
  17   7.41607340e+04  7.41626165e+04  1.25e-02 6.66e-16  5.98e-05     7s
[22/Jul/2024 16:50:43] INFO [lp_solver.py:56]   17   7.41607340e+04  7.41626165e+04  1.25e-02 6.66e-16  5.98e-05     7s
  18   7.41611269e+04  7.41616251e+04  2.23e-03 1.11e-15  1.40e-05     7s
[22/Jul/2024 16:50:43] INFO [lp_solver.py:56]   18   7.41611269e+04  7.41616251e+04  2.23e-03 1.11e-15  1.40e-05     7s
  19   7.41612150e+04  7.41613788e+04  3.18e-04 6.66e-16  3.92e-06     7s
[22/Jul/2024 16:50:44] INFO [lp_solver.py:56]   19   7.41612150e+04  7.41613788e+04  3.18e-04 6.66e-16  3.92e-06     7s
  20   7.41612301e+04  7.41612634e+04  6.01e-06 1.33e-15  6.99e-07     8s
[22/Jul/2024 16:50:44] INFO [lp_solver.py:56]   20   7.41612301e+04  7.41612634e+04  6.01e-06 1.33e-15  6.99e-07     8s
  21   7.41612310e+04  7.41612368e+04  2.04e-06 6.66e-16  1.24e-07     8s
[22/Jul/2024 16:50:44] INFO [lp_solver.py:56]   21   7.41612310e+04  7.41612368e+04  2.04e-06 6.66e-16  1.24e-07     8s
  22   7.41612316e+04  7.41612317e+04  5.88e-10 1.33e-15  2.16e-09     8s
[22/Jul/2024 16:50:45] INFO [lp_solver.py:56]   22   7.41612316e+04  7.41612317e+04  5.88e-10 1.33e-15  2.16e-09     8s

[22/Jul/2024 16:50:45] INFO [lp_solver.py:56] 
Barrier solved model in 22 iterations and 8.45 seconds (11.88 work units)
[22/Jul/2024 16:50:45] INFO [lp_solver.py:56] Barrier solved model in 22 iterations and 8.45 seconds (11.88 work units)
Optimal objective 7.41612316e+04
[22/Jul/2024 16:50:45] INFO [lp_solver.py:56] Optimal objective 7.41612316e+04

[22/Jul/2024 16:50:45] INFO [lp_solver.py:56] 
Crossover log...
[22/Jul/2024 16:50:45] INFO [lp_solver.py:56] Crossover log...

[22/Jul/2024 16:50:45] INFO [lp_solver.py:56] 
     503 DPushes remaining with DInf 0.0000000e+00                 8s
[22/Jul/2024 16:50:45] INFO [lp_solver.py:56]      503 DPushes remaining with DInf 0.0000000e+00                 8s
       0 DPushes remaining with DInf 0.0000000e+00                 9s
[22/Jul/2024 16:50:45] INFO [lp_solver.py:56]        0 DPushes remaining with DInf 0.0000000e+00                 9s

[22/Jul/2024 16:50:45] INFO [lp_solver.py:56] 
    4150 PPushes remaining with PInf 0.0000000e+00                 9s
[22/Jul/2024 16:50:45] INFO [lp_solver.py:56]     4150 PPushes remaining with PInf 0.0000000e+00                 9s
       0 PPushes remaining with PInf 0.0000000e+00                 9s
[22/Jul/2024 16:50:45] INFO [lp_solver.py:56]        0 PPushes remaining with PInf 0.0000000e+00                 9s

[22/Jul/2024 16:50:45] INFO [lp_solver.py:56] 
  Push phase complete: Pinf 0.0000000e+00, Dinf 2.4914869e-11      9s
[22/Jul/2024 16:50:45] INFO [lp_solver.py:56]   Push phase complete: Pinf 0.0000000e+00, Dinf 2.4914869e-11      9s

[22/Jul/2024 16:50:45] INFO [lp_solver.py:56] 

[22/Jul/2024 16:50:45] INFO [lp_solver.py:56] 
Solved with barrier
[22/Jul/2024 16:50:45] INFO [lp_solver.py:56] Solved with barrier
Iteration    Objective       Primal Inf.    Dual Inf.      Time
[22/Jul/2024 16:50:45] INFO [lp_solver.py:56] Iteration    Objective       Primal Inf.    Dual Inf.      Time
    4647    7.4161232e+04   0.000000e+00   0.000000e+00      9s
[22/Jul/2024 16:50:45] INFO [lp_solver.py:56]     4647    7.4161232e+04   0.000000e+00   0.000000e+00      9s

[22/Jul/2024 16:50:45] INFO [lp_solver.py:56] 
Solved in 4647 iterations and 8.72 seconds (12.21 work units)
[22/Jul/2024 16:50:45] INFO [lp_solver.py:56] Solved in 4647 iterations and 8.72 seconds (12.21 work units)
Optimal objective  7.416123158e+04
[22/Jul/2024 16:50:45] INFO [lp_solver.py:56] Optimal objective  7.416123158e+04
Computing topology 1: 100%|██████████| 1/1 [01:24<00:00, 84.15s/it]Computing topology 1: 100%|██████████| 1/1 [01:24<00:00, 84.15s/it]
Computing topology 2:   0%|          | 0/1 [00:00<?, ?it/s]Set parameter Threads to value 16
[22/Jul/2024 16:52:34] INFO [lp_solver.py:45] Set parameter Threads to value 16
Set parameter Method to value 3
[22/Jul/2024 16:52:34] INFO [lp_solver.py:46] Set parameter Method to value 3
Gurobi Optimizer version 11.0.1 build v11.0.1rc0 (linux64 - "Ubuntu 20.04.6 LTS")
[22/Jul/2024 16:52:34] INFO [lp_solver.py:56] Gurobi Optimizer version 11.0.1 build v11.0.1rc0 (linux64 - "Ubuntu 20.04.6 LTS")

[22/Jul/2024 16:52:34] INFO [lp_solver.py:56] 
CPU model: AMD EPYC 7V13 64-Core Processor, instruction set [SSE2|AVX|AVX2]
[22/Jul/2024 16:52:34] INFO [lp_solver.py:56] CPU model: AMD EPYC 7V13 64-Core Processor, instruction set [SSE2|AVX|AVX2]
Thread count: 24 physical cores, 24 logical processors, using up to 16 threads
[22/Jul/2024 16:52:34] INFO [lp_solver.py:56] Thread count: 24 physical cores, 24 logical processors, using up to 16 threads

[22/Jul/2024 16:52:34] INFO [lp_solver.py:56] 
Optimize a model with 22966 rows, 16075 columns and 455525 nonzeros
[22/Jul/2024 16:52:34] INFO [lp_solver.py:56] Optimize a model with 22966 rows, 16075 columns and 455525 nonzeros
Model fingerprint: 0x0eb5a94d
[22/Jul/2024 16:52:34] INFO [lp_solver.py:56] Model fingerprint: 0x0eb5a94d
Coefficient statistics:
[22/Jul/2024 16:52:34] INFO [lp_solver.py:56] Coefficient statistics:
  Matrix range     [1e+00, 1e+00]
[22/Jul/2024 16:52:34] INFO [lp_solver.py:56]   Matrix range     [1e+00, 1e+00]
  Objective range  [1e+00, 1e+00]
[22/Jul/2024 16:52:34] INFO [lp_solver.py:56]   Objective range  [1e+00, 1e+00]
  Bounds range     [0e+00, 0e+00]
[22/Jul/2024 16:52:34] INFO [lp_solver.py:56]   Bounds range     [0e+00, 0e+00]
  RHS range        [3e+00, 8e+02]
[22/Jul/2024 16:52:34] INFO [lp_solver.py:56]   RHS range        [3e+00, 8e+02]
Presolve removed 4832 rows and 1071 columns
[22/Jul/2024 16:52:34] INFO [lp_solver.py:56] Presolve removed 4832 rows and 1071 columns
Presolve time: 0.11s
[22/Jul/2024 16:52:34] INFO [lp_solver.py:56] Presolve time: 0.11s
Presolved: 18134 rows, 15004 columns, 409381 nonzeros
[22/Jul/2024 16:52:34] INFO [lp_solver.py:56] Presolved: 18134 rows, 15004 columns, 409381 nonzeros

[22/Jul/2024 16:52:34] INFO [lp_solver.py:56] 
Concurrent LP optimizer: primal simplex, dual simplex, and barrier
[22/Jul/2024 16:52:34] INFO [lp_solver.py:56] Concurrent LP optimizer: primal simplex, dual simplex, and barrier
Showing barrier log only...
[22/Jul/2024 16:52:34] INFO [lp_solver.py:56] Showing barrier log only...

[22/Jul/2024 16:52:34] INFO [lp_solver.py:56] 
Ordering time: 1.43s
[22/Jul/2024 16:52:35] INFO [lp_solver.py:56] Ordering time: 1.43s

[22/Jul/2024 16:52:36] INFO [lp_solver.py:56] 
Barrier statistics:
[22/Jul/2024 16:52:36] INFO [lp_solver.py:56] Barrier statistics:
 AA' NZ     : 2.282e+06
[22/Jul/2024 16:52:36] INFO [lp_solver.py:56]  AA' NZ     : 2.282e+06
 Factor NZ  : 3.447e+07 (roughly 300 MB of memory)
[22/Jul/2024 16:52:36] INFO [lp_solver.py:56]  Factor NZ  : 3.447e+07 (roughly 300 MB of memory)
 Factor Ops : 1.005e+11 (less than 1 second per iteration)
[22/Jul/2024 16:52:36] INFO [lp_solver.py:56]  Factor Ops : 1.005e+11 (less than 1 second per iteration)
 Threads    : 14
[22/Jul/2024 16:52:36] INFO [lp_solver.py:56]  Threads    : 14

[22/Jul/2024 16:52:36] INFO [lp_solver.py:56] 
                  Objective                Residual
[22/Jul/2024 16:52:36] INFO [lp_solver.py:56]                   Objective                Residual
Iter       Primal          Dual         Primal    Dual     Compl     Time
[22/Jul/2024 16:52:36] INFO [lp_solver.py:56] Iter       Primal          Dual         Primal    Dual     Compl     Time
   0   1.79421152e+07  1.63291095e+05  2.90e+05 3.55e-01  5.54e+02     2s
[22/Jul/2024 16:52:36] INFO [lp_solver.py:56]    0   1.79421152e+07  1.63291095e+05  2.90e+05 3.55e-01  5.54e+02     2s
   1   5.49037158e+06  2.93973007e+05  9.10e+04 3.74e-01  1.98e+02     2s
[22/Jul/2024 16:52:36] INFO [lp_solver.py:56]    1   5.49037158e+06  2.93973007e+05  9.10e+04 3.74e-01  1.98e+02     2s
   2   1.24405558e+06  3.22196935e+05  2.16e+04 4.38e-02  4.67e+01     2s
[22/Jul/2024 16:52:36] INFO [lp_solver.py:56]    2   1.24405558e+06  3.22196935e+05  2.16e+04 4.38e-02  4.67e+01     2s
   3   3.41297242e+05  2.51671281e+05  5.51e+03 1.33e-15  1.17e+01     3s
[22/Jul/2024 16:52:36] INFO [lp_solver.py:56]    3   3.41297242e+05  2.51671281e+05  5.51e+03 1.33e-15  1.17e+01     3s
   4   1.97206637e+05  1.78860436e+05  2.39e+03 8.88e-16  5.15e+00     3s
[22/Jul/2024 16:52:37] INFO [lp_solver.py:56]    4   1.97206637e+05  1.78860436e+05  2.39e+03 8.88e-16  5.15e+00     3s
   5   1.28280517e+05  1.20824440e+05  1.07e+03 1.11e-15  2.08e+00     3s
[22/Jul/2024 16:52:37] INFO [lp_solver.py:56]    5   1.28280517e+05  1.20824440e+05  1.07e+03 1.11e-15  2.08e+00     3s
   6   7.98795826e+04  8.63461644e+04  1.63e+02 6.66e-16  4.42e-01     3s
[22/Jul/2024 16:52:37] INFO [lp_solver.py:56]    6   7.98795826e+04  8.63461644e+04  1.63e+02 6.66e-16  4.42e-01     3s
   7   7.43132389e+04  7.77698949e+04  2.50e+01 8.88e-16  1.16e-01     3s
[22/Jul/2024 16:52:37] INFO [lp_solver.py:56]    7   7.43132389e+04  7.77698949e+04  2.50e+01 8.88e-16  1.16e-01     3s
   8   7.40994182e+04  7.57418699e+04  9.65e+00 4.44e-16  5.09e-02     4s
[22/Jul/2024 16:52:37] INFO [lp_solver.py:56]    8   7.40994182e+04  7.57418699e+04  9.65e+00 4.44e-16  5.09e-02     4s
   9   7.41171810e+04  7.50608462e+04  4.19e+00 6.66e-16  2.69e-02     4s
[22/Jul/2024 16:52:38] INFO [lp_solver.py:56]    9   7.41171810e+04  7.50608462e+04  4.19e+00 6.66e-16  2.69e-02     4s
  10   7.41523235e+04  7.45908261e+04  2.11e+00 1.11e-15  1.27e-02     4s
[22/Jul/2024 16:52:38] INFO [lp_solver.py:56]   10   7.41523235e+04  7.45908261e+04  2.11e+00 1.11e-15  1.27e-02     4s
  11   7.41712462e+04  7.44512938e+04  1.19e+00 8.88e-16  7.86e-03     4s
[22/Jul/2024 16:52:38] INFO [lp_solver.py:56]   11   7.41712462e+04  7.44512938e+04  1.19e+00 8.88e-16  7.86e-03     4s
  12   7.41844582e+04  7.43459296e+04  6.16e-01 4.44e-16  4.41e-03     5s
[22/Jul/2024 16:52:38] INFO [lp_solver.py:56]   12   7.41844582e+04  7.43459296e+04  6.16e-01 4.44e-16  4.41e-03     5s
  13   7.41901772e+04  7.43064286e+04  4.04e-01 6.66e-16  3.11e-03     5s
[22/Jul/2024 16:52:39] INFO [lp_solver.py:56]   13   7.41901772e+04  7.43064286e+04  4.04e-01 6.66e-16  3.11e-03     5s
  14   7.41955341e+04  7.42609777e+04  2.17e-01 4.44e-16  1.73e-03     5s
[22/Jul/2024 16:52:39] INFO [lp_solver.py:56]   14   7.41955341e+04  7.42609777e+04  2.17e-01 4.44e-16  1.73e-03     5s
  15   7.41984222e+04  7.42287916e+04  1.22e-01 2.22e-16  8.40e-04     6s
[22/Jul/2024 16:52:39] INFO [lp_solver.py:56]   15   7.41984222e+04  7.42287916e+04  1.22e-01 2.22e-16  8.40e-04     6s
  16   7.42010293e+04  7.42136713e+04  4.00e-02 1.11e-15  3.31e-04     6s
[22/Jul/2024 16:52:40] INFO [lp_solver.py:56]   16   7.42010293e+04  7.42136713e+04  4.00e-02 1.11e-15  3.31e-04     6s
  17   7.42022100e+04  7.42076079e+04  1.10e-02 6.66e-16  1.31e-04     6s
[22/Jul/2024 16:52:40] INFO [lp_solver.py:56]   17   7.42022100e+04  7.42076079e+04  1.10e-02 6.66e-16  1.31e-04     6s
  18   7.42026733e+04  7.42044419e+04  3.13e-03 6.66e-16  4.21e-05     6s
[22/Jul/2024 16:52:40] INFO [lp_solver.py:56]   18   7.42026733e+04  7.42044419e+04  3.13e-03 6.66e-16  4.21e-05     6s
  19   7.42027882e+04  7.42036273e+04  1.23e-03 8.88e-16  1.96e-05     7s
[22/Jul/2024 16:52:40] INFO [lp_solver.py:56]   19   7.42027882e+04  7.42036273e+04  1.23e-03 8.88e-16  1.96e-05     7s
  20   7.42028279e+04  7.42031526e+04  7.31e-04 8.88e-16  8.01e-06     7s
[22/Jul/2024 16:52:41] INFO [lp_solver.py:56]   20   7.42028279e+04  7.42031526e+04  7.31e-04 8.88e-16  8.01e-06     7s
  21   7.42028662e+04  7.42030542e+04  2.67e-04 6.66e-16  4.37e-06     7s
[22/Jul/2024 16:52:41] INFO [lp_solver.py:56]   21   7.42028662e+04  7.42030542e+04  2.67e-04 6.66e-16  4.37e-06     7s
  22   7.42028820e+04  7.42029216e+04  9.25e-05 1.11e-15  9.81e-07     8s
[22/Jul/2024 16:52:41] INFO [lp_solver.py:56]   22   7.42028820e+04  7.42029216e+04  9.25e-05 1.11e-15  9.81e-07     8s
  23   7.42028889e+04  7.42028952e+04  2.35e-05 8.88e-16  1.72e-07     8s
[22/Jul/2024 16:52:42] INFO [lp_solver.py:56]   23   7.42028889e+04  7.42028952e+04  2.35e-05 8.88e-16  1.72e-07     8s
  24   7.42028909e+04  7.42028917e+04  4.75e-06 1.78e-15  2.45e-08     8s
[22/Jul/2024 16:52:42] INFO [lp_solver.py:56]   24   7.42028909e+04  7.42028917e+04  4.75e-06 1.78e-15  2.45e-08     8s
  25   7.42028915e+04  7.42028915e+04  3.83e-07 1.78e-15  7.56e-10     9s
[22/Jul/2024 16:52:42] INFO [lp_solver.py:56]   25   7.42028915e+04  7.42028915e+04  3.83e-07 1.78e-15  7.56e-10     9s

[22/Jul/2024 16:52:42] INFO [lp_solver.py:56] 
Barrier solved model in 25 iterations and 8.55 seconds (13.10 work units)
[22/Jul/2024 16:52:42] INFO [lp_solver.py:56] Barrier solved model in 25 iterations and 8.55 seconds (13.10 work units)
Optimal objective 7.42028915e+04
[22/Jul/2024 16:52:42] INFO [lp_solver.py:56] Optimal objective 7.42028915e+04

[22/Jul/2024 16:52:42] INFO [lp_solver.py:56] 
Crossover log...
[22/Jul/2024 16:52:42] INFO [lp_solver.py:56] Crossover log...

[22/Jul/2024 16:52:42] INFO [lp_solver.py:56] 
     506 DPushes remaining with DInf 0.0000000e+00                 9s
[22/Jul/2024 16:52:42] INFO [lp_solver.py:56]      506 DPushes remaining with DInf 0.0000000e+00                 9s
       0 DPushes remaining with DInf 0.0000000e+00                 9s
[22/Jul/2024 16:52:42] INFO [lp_solver.py:56]        0 DPushes remaining with DInf 0.0000000e+00                 9s

[22/Jul/2024 16:52:42] INFO [lp_solver.py:56] 
    4070 PPushes remaining with PInf 1.1664870e-06                 9s
[22/Jul/2024 16:52:42] INFO [lp_solver.py:56]     4070 PPushes remaining with PInf 1.1664870e-06                 9s
       0 PPushes remaining with PInf 0.0000000e+00                 9s
[22/Jul/2024 16:52:43] INFO [lp_solver.py:56]        0 PPushes remaining with PInf 0.0000000e+00                 9s

[22/Jul/2024 16:52:43] INFO [lp_solver.py:56] 
  Push phase complete: Pinf 0.0000000e+00, Dinf 1.0340257e-12      9s
[22/Jul/2024 16:52:43] INFO [lp_solver.py:56]   Push phase complete: Pinf 0.0000000e+00, Dinf 1.0340257e-12      9s

[22/Jul/2024 16:52:43] INFO [lp_solver.py:56] 

[22/Jul/2024 16:52:43] INFO [lp_solver.py:56] 
Solved with barrier
[22/Jul/2024 16:52:43] INFO [lp_solver.py:56] Solved with barrier
Iteration    Objective       Primal Inf.    Dual Inf.      Time
[22/Jul/2024 16:52:43] INFO [lp_solver.py:56] Iteration    Objective       Primal Inf.    Dual Inf.      Time
    4570    7.4202891e+04   0.000000e+00   0.000000e+00      9s
[22/Jul/2024 16:52:43] INFO [lp_solver.py:56]     4570    7.4202891e+04   0.000000e+00   0.000000e+00      9s

[22/Jul/2024 16:52:43] INFO [lp_solver.py:56] 
Solved in 4570 iterations and 8.82 seconds (13.43 work units)
[22/Jul/2024 16:52:43] INFO [lp_solver.py:56] Solved in 4570 iterations and 8.82 seconds (13.43 work units)
Optimal objective  7.420289149e+04
[22/Jul/2024 16:52:43] INFO [lp_solver.py:56] Optimal objective  7.420289149e+04
Computing topology 2: 100%|██████████| 1/1 [01:24<00:00, 84.37s/it]Computing topology 2: 100%|██████████| 1/1 [01:24<00:00, 84.37s/it]
[22/Jul/2024 16:53:04] INFO [top.py:45] LPTop solver
[22/Jul/2024 16:53:05] INFO [top.py:50] Loaded data from /home/azureuser/cloudfiles/code/Users/e1310988/satellite-te/input/starlink/DataSetForSaTE100/ISL/StarLink_DataSetForAgent100_10_A.pkl
Computing topology 0:   0%|          | 0/1 [00:00<?, ?it/s]Set parameter Username
[22/Jul/2024 16:54:14] INFO [top_formulation.py:129] Set parameter Username
Academic license - for non-commercial use only - expires 2025-04-26
[22/Jul/2024 16:54:14] INFO [top_formulation.py:129] Academic license - for non-commercial use only - expires 2025-04-26
Set parameter Threads to value 16
[22/Jul/2024 16:54:20] INFO [lp_solver.py:45] Set parameter Threads to value 16
Set parameter Method to value 3
[22/Jul/2024 16:54:20] INFO [lp_solver.py:46] Set parameter Method to value 3
Gurobi Optimizer version 11.0.1 build v11.0.1rc0 (linux64 - "Ubuntu 20.04.6 LTS")
[22/Jul/2024 16:54:20] INFO [lp_solver.py:56] Gurobi Optimizer version 11.0.1 build v11.0.1rc0 (linux64 - "Ubuntu 20.04.6 LTS")

[22/Jul/2024 16:54:20] INFO [lp_solver.py:56] 
CPU model: AMD EPYC 7V13 64-Core Processor, instruction set [SSE2|AVX|AVX2]
[22/Jul/2024 16:54:20] INFO [lp_solver.py:56] CPU model: AMD EPYC 7V13 64-Core Processor, instruction set [SSE2|AVX|AVX2]
Thread count: 24 physical cores, 24 logical processors, using up to 16 threads
[22/Jul/2024 16:54:20] INFO [lp_solver.py:56] Thread count: 24 physical cores, 24 logical processors, using up to 16 threads

[22/Jul/2024 16:54:20] INFO [lp_solver.py:56] 
Optimize a model with 23087 rows, 16100 columns and 400395 nonzeros
[22/Jul/2024 16:54:20] INFO [lp_solver.py:56] Optimize a model with 23087 rows, 16100 columns and 400395 nonzeros
Model fingerprint: 0x00f49990
[22/Jul/2024 16:54:20] INFO [lp_solver.py:56] Model fingerprint: 0x00f49990
Coefficient statistics:
[22/Jul/2024 16:54:20] INFO [lp_solver.py:56] Coefficient statistics:
  Matrix range     [1e+00, 1e+00]
[22/Jul/2024 16:54:20] INFO [lp_solver.py:56]   Matrix range     [1e+00, 1e+00]
  Objective range  [1e+00, 1e+00]
[22/Jul/2024 16:54:20] INFO [lp_solver.py:56]   Objective range  [1e+00, 1e+00]
  Bounds range     [0e+00, 0e+00]
[22/Jul/2024 16:54:20] INFO [lp_solver.py:56]   Bounds range     [0e+00, 0e+00]
  RHS range        [3e+00, 8e+02]
[22/Jul/2024 16:54:20] INFO [lp_solver.py:56]   RHS range        [3e+00, 8e+02]
Presolve removed 7780 rows and 1699 columns
[22/Jul/2024 16:54:20] INFO [lp_solver.py:56] Presolve removed 7780 rows and 1699 columns
Presolve time: 0.10s
[22/Jul/2024 16:54:20] INFO [lp_solver.py:56] Presolve time: 0.10s
Presolved: 15307 rows, 14401 columns, 338564 nonzeros
[22/Jul/2024 16:54:20] INFO [lp_solver.py:56] Presolved: 15307 rows, 14401 columns, 338564 nonzeros

[22/Jul/2024 16:54:20] INFO [lp_solver.py:56] 
Concurrent LP optimizer: primal simplex, dual simplex, and barrier
[22/Jul/2024 16:54:20] INFO [lp_solver.py:56] Concurrent LP optimizer: primal simplex, dual simplex, and barrier
Showing barrier log only...
[22/Jul/2024 16:54:20] INFO [lp_solver.py:56] Showing barrier log only...

[22/Jul/2024 16:54:20] INFO [lp_solver.py:56] 
Ordering time: 1.33s
[22/Jul/2024 16:54:22] INFO [lp_solver.py:56] Ordering time: 1.33s

[22/Jul/2024 16:54:22] INFO [lp_solver.py:56] 
Barrier statistics:
[22/Jul/2024 16:54:22] INFO [lp_solver.py:56] Barrier statistics:
 AA' NZ     : 1.548e+06
[22/Jul/2024 16:54:22] INFO [lp_solver.py:56]  AA' NZ     : 1.548e+06
 Factor NZ  : 1.865e+07 (roughly 160 MB of memory)
[22/Jul/2024 16:54:22] INFO [lp_solver.py:56]  Factor NZ  : 1.865e+07 (roughly 160 MB of memory)
 Factor Ops : 3.744e+10 (less than 1 second per iteration)
[22/Jul/2024 16:54:22] INFO [lp_solver.py:56]  Factor Ops : 3.744e+10 (less than 1 second per iteration)
 Threads    : 14
[22/Jul/2024 16:54:22] INFO [lp_solver.py:56]  Threads    : 14

[22/Jul/2024 16:54:22] INFO [lp_solver.py:56] 
                  Objective                Residual
[22/Jul/2024 16:54:22] INFO [lp_solver.py:56]                   Objective                Residual
Iter       Primal          Dual         Primal    Dual     Compl     Time
[22/Jul/2024 16:54:22] INFO [lp_solver.py:56] Iter       Primal          Dual         Primal    Dual     Compl     Time
   0   1.27937263e+07  1.85169516e+05  1.65e+05 4.47e-01  4.31e+02     2s
[22/Jul/2024 16:54:22] INFO [lp_solver.py:56]    0   1.27937263e+07  1.85169516e+05  1.65e+05 4.47e-01  4.31e+02     2s
   1   3.05478303e+06  3.13289730e+05  4.03e+04 1.73e-01  1.07e+02     2s
[22/Jul/2024 16:54:22] INFO [lp_solver.py:56]    1   3.05478303e+06  3.13289730e+05  4.03e+04 1.73e-01  1.07e+02     2s
   2   6.06606778e+05  2.82206258e+05  7.47e+03 6.54e-03  2.18e+01     2s
[22/Jul/2024 16:54:22] INFO [lp_solver.py:56]    2   6.06606778e+05  2.82206258e+05  7.47e+03 6.54e-03  2.18e+01     2s
   3   2.28825937e+05  1.90074264e+05  2.14e+03 8.88e-16  5.95e+00     2s
[22/Jul/2024 16:54:22] INFO [lp_solver.py:56]    3   2.28825937e+05  1.90074264e+05  2.14e+03 8.88e-16  5.95e+00     2s
   4   1.23711267e+05  1.33183145e+05  6.23e+02 8.88e-16  2.02e+00     2s
[22/Jul/2024 16:54:22] INFO [lp_solver.py:56]    4   1.23711267e+05  1.33183145e+05  6.23e+02 8.88e-16  2.02e+00     2s
   5   9.26957223e+04  1.00377532e+05  1.56e+02 1.78e-15  5.82e-01     2s
[22/Jul/2024 16:54:22] INFO [lp_solver.py:56]    5   9.26957223e+04  1.00377532e+05  1.56e+02 1.78e-15  5.82e-01     2s
   6   8.57284159e+04  8.94127033e+04  2.25e+01 8.88e-16  1.39e-01     2s
[22/Jul/2024 16:54:22] INFO [lp_solver.py:56]    6   8.57284159e+04  8.94127033e+04  2.25e+01 8.88e-16  1.39e-01     2s
   7   8.55371176e+04  8.70514368e+04  7.69e+00 8.88e-16  5.29e-02     2s
[22/Jul/2024 16:54:22] INFO [lp_solver.py:56]    7   8.55371176e+04  8.70514368e+04  7.69e+00 8.88e-16  5.29e-02     2s
   8   8.55665161e+04  8.63771694e+04  3.31e+00 1.33e-15  2.63e-02     2s
[22/Jul/2024 16:54:23] INFO [lp_solver.py:56]    8   8.55665161e+04  8.63771694e+04  3.31e+00 1.33e-15  2.63e-02     2s
   9   8.56001685e+04  8.59889703e+04  1.67e+00 8.88e-16  1.28e-02     3s
[22/Jul/2024 16:54:23] INFO [lp_solver.py:56]    9   8.56001685e+04  8.59889703e+04  1.67e+00 8.88e-16  1.28e-02     3s
  10   8.56198298e+04  8.58730874e+04  9.09e-01 1.11e-15  7.90e-03     3s
[22/Jul/2024 16:54:23] INFO [lp_solver.py:56]   10   8.56198298e+04  8.58730874e+04  9.09e-01 1.11e-15  7.90e-03     3s
  11   8.56297495e+04  8.57608794e+04  5.33e-01 8.88e-16  4.24e-03     3s
[22/Jul/2024 16:54:23] INFO [lp_solver.py:56]   11   8.56297495e+04  8.57608794e+04  5.33e-01 8.88e-16  4.24e-03     3s
  12   8.56369538e+04  8.57172047e+04  2.96e-01 1.55e-15  2.52e-03     3s
[22/Jul/2024 16:54:23] INFO [lp_solver.py:56]   12   8.56369538e+04  8.57172047e+04  2.96e-01 1.55e-15  2.52e-03     3s
  13   8.56426332e+04  8.56782433e+04  1.20e-01 8.88e-16  1.09e-03     3s
[22/Jul/2024 16:54:23] INFO [lp_solver.py:56]   13   8.56426332e+04  8.56782433e+04  1.20e-01 8.88e-16  1.09e-03     3s
  14   8.56451918e+04  8.56593264e+04  4.80e-02 1.11e-15  4.35e-04     3s
[22/Jul/2024 16:54:23] INFO [lp_solver.py:56]   14   8.56451918e+04  8.56593264e+04  4.80e-02 1.11e-15  4.35e-04     3s
  15   8.56467302e+04  8.56512142e+04  1.31e-02 1.11e-15  1.33e-04     3s
[22/Jul/2024 16:54:23] INFO [lp_solver.py:56]   15   8.56467302e+04  8.56512142e+04  1.31e-02 1.11e-15  1.33e-04     3s
  16   8.56472024e+04  8.56493349e+04  5.00e-03 8.88e-16  6.03e-05     4s
[22/Jul/2024 16:54:24] INFO [lp_solver.py:56]   16   8.56472024e+04  8.56493349e+04  5.00e-03 8.88e-16  6.03e-05     4s
  17   8.56474023e+04  8.56485034e+04  1.83e-03 8.88e-16  2.94e-05     4s
[22/Jul/2024 16:54:24] INFO [lp_solver.py:56]   17   8.56474023e+04  8.56485034e+04  1.83e-03 8.88e-16  2.94e-05     4s
  18   8.56474548e+04  8.56480201e+04  1.06e-03 4.44e-16  1.54e-05     4s
[22/Jul/2024 16:54:24] INFO [lp_solver.py:56]   18   8.56474548e+04  8.56480201e+04  1.06e-03 4.44e-16  1.54e-05     4s
  19   8.56474900e+04  8.56477852e+04  5.57e-04 8.88e-16  8.03e-06     4s
[22/Jul/2024 16:54:24] INFO [lp_solver.py:56]   19   8.56474900e+04  8.56477852e+04  5.57e-04 8.88e-16  8.03e-06     4s
  20   8.56475235e+04  8.56476245e+04  1.20e-04 8.88e-16  2.58e-06     4s
[22/Jul/2024 16:54:24] INFO [lp_solver.py:56]   20   8.56475235e+04  8.56476245e+04  1.20e-04 8.88e-16  2.58e-06     4s
  21   8.56475296e+04  8.56475788e+04  4.86e-05 1.11e-15  1.24e-06     4s
[22/Jul/2024 16:54:24] INFO [lp_solver.py:56]   21   8.56475296e+04  8.56475788e+04  4.86e-05 1.11e-15  1.24e-06     4s
  22   8.56475339e+04  8.56475391e+04  1.26e-06 1.11e-15  1.21e-07     4s
[22/Jul/2024 16:54:24] INFO [lp_solver.py:56]   22   8.56475339e+04  8.56475391e+04  1.26e-06 1.11e-15  1.21e-07     4s
  23   8.56475351e+04  8.56475353e+04  9.56e-08 2.22e-15  4.67e-09     4s
[22/Jul/2024 16:54:25] INFO [lp_solver.py:56]   23   8.56475351e+04  8.56475353e+04  9.56e-08 2.22e-15  4.67e-09     4s

[22/Jul/2024 16:54:25] INFO [lp_solver.py:56] 
Barrier solved model in 23 iterations and 4.46 seconds (5.83 work units)
[22/Jul/2024 16:54:25] INFO [lp_solver.py:56] Barrier solved model in 23 iterations and 4.46 seconds (5.83 work units)
Optimal objective 8.56475351e+04
[22/Jul/2024 16:54:25] INFO [lp_solver.py:56] Optimal objective 8.56475351e+04

[22/Jul/2024 16:54:25] INFO [lp_solver.py:56] 
Crossover log...
[22/Jul/2024 16:54:25] INFO [lp_solver.py:56] Crossover log...

[22/Jul/2024 16:54:25] INFO [lp_solver.py:56] 
     496 DPushes remaining with DInf 0.0000000e+00                 4s
[22/Jul/2024 16:54:25] INFO [lp_solver.py:56]      496 DPushes remaining with DInf 0.0000000e+00                 4s
       0 DPushes remaining with DInf 0.0000000e+00                 5s
[22/Jul/2024 16:54:25] INFO [lp_solver.py:56]        0 DPushes remaining with DInf 0.0000000e+00                 5s

[22/Jul/2024 16:54:25] INFO [lp_solver.py:56] 
    3832 PPushes remaining with PInf 7.8634648e-04                 5s
[22/Jul/2024 16:54:25] INFO [lp_solver.py:56]     3832 PPushes remaining with PInf 7.8634648e-04                 5s
       0 PPushes remaining with PInf 0.0000000e+00                 5s
[22/Jul/2024 16:54:25] INFO [lp_solver.py:56]        0 PPushes remaining with PInf 0.0000000e+00                 5s

[22/Jul/2024 16:54:25] INFO [lp_solver.py:56] 
  Push phase complete: Pinf 0.0000000e+00, Dinf 3.9046179e-12      5s
[22/Jul/2024 16:54:25] INFO [lp_solver.py:56]   Push phase complete: Pinf 0.0000000e+00, Dinf 3.9046179e-12      5s

[22/Jul/2024 16:54:25] INFO [lp_solver.py:56] 

[22/Jul/2024 16:54:25] INFO [lp_solver.py:56] 
Solved with barrier
[22/Jul/2024 16:54:25] INFO [lp_solver.py:56] Solved with barrier
Iteration    Objective       Primal Inf.    Dual Inf.      Time
[22/Jul/2024 16:54:25] INFO [lp_solver.py:56] Iteration    Objective       Primal Inf.    Dual Inf.      Time
    4319    8.5647535e+04   0.000000e+00   0.000000e+00      5s
[22/Jul/2024 16:54:25] INFO [lp_solver.py:56]     4319    8.5647535e+04   0.000000e+00   0.000000e+00      5s

[22/Jul/2024 16:54:25] INFO [lp_solver.py:56] 
Solved in 4319 iterations and 4.78 seconds (6.18 work units)
[22/Jul/2024 16:54:25] INFO [lp_solver.py:56] Solved in 4319 iterations and 4.78 seconds (6.18 work units)
Optimal objective  8.564753524e+04
[22/Jul/2024 16:54:25] INFO [lp_solver.py:56] Optimal objective  8.564753524e+04
Computing topology 0: 100%|██████████| 1/1 [01:03<00:00, 63.72s/it]Computing topology 0: 100%|██████████| 1/1 [01:03<00:00, 63.72s/it]
Computing topology 1:   0%|          | 0/1 [00:00<?, ?it/s]Set parameter Threads to value 16
[22/Jul/2024 16:55:53] INFO [lp_solver.py:45] Set parameter Threads to value 16
Set parameter Method to value 3
[22/Jul/2024 16:55:53] INFO [lp_solver.py:46] Set parameter Method to value 3
Gurobi Optimizer version 11.0.1 build v11.0.1rc0 (linux64 - "Ubuntu 20.04.6 LTS")
[22/Jul/2024 16:55:53] INFO [lp_solver.py:56] Gurobi Optimizer version 11.0.1 build v11.0.1rc0 (linux64 - "Ubuntu 20.04.6 LTS")

[22/Jul/2024 16:55:53] INFO [lp_solver.py:56] 
CPU model: AMD EPYC 7V13 64-Core Processor, instruction set [SSE2|AVX|AVX2]
[22/Jul/2024 16:55:53] INFO [lp_solver.py:56] CPU model: AMD EPYC 7V13 64-Core Processor, instruction set [SSE2|AVX|AVX2]
Thread count: 24 physical cores, 24 logical processors, using up to 16 threads
[22/Jul/2024 16:55:53] INFO [lp_solver.py:56] Thread count: 24 physical cores, 24 logical processors, using up to 16 threads

[22/Jul/2024 16:55:53] INFO [lp_solver.py:56] 
Optimize a model with 23072 rows, 16175 columns and 402595 nonzeros
[22/Jul/2024 16:55:53] INFO [lp_solver.py:56] Optimize a model with 23072 rows, 16175 columns and 402595 nonzeros
Model fingerprint: 0x5f9d2beb
[22/Jul/2024 16:55:53] INFO [lp_solver.py:56] Model fingerprint: 0x5f9d2beb
Coefficient statistics:
[22/Jul/2024 16:55:53] INFO [lp_solver.py:56] Coefficient statistics:
  Matrix range     [1e+00, 1e+00]
[22/Jul/2024 16:55:53] INFO [lp_solver.py:56]   Matrix range     [1e+00, 1e+00]
  Objective range  [1e+00, 1e+00]
[22/Jul/2024 16:55:53] INFO [lp_solver.py:56]   Objective range  [1e+00, 1e+00]
  Bounds range     [0e+00, 0e+00]
[22/Jul/2024 16:55:53] INFO [lp_solver.py:56]   Bounds range     [0e+00, 0e+00]
  RHS range        [3e+00, 8e+02]
[22/Jul/2024 16:55:53] INFO [lp_solver.py:56]   RHS range        [3e+00, 8e+02]
Presolve removed 7712 rows and 1695 columns
[22/Jul/2024 16:55:53] INFO [lp_solver.py:56] Presolve removed 7712 rows and 1695 columns
Presolve time: 0.10s
[22/Jul/2024 16:55:53] INFO [lp_solver.py:56] Presolve time: 0.10s
Presolved: 15360 rows, 14480 columns, 340427 nonzeros
[22/Jul/2024 16:55:53] INFO [lp_solver.py:56] Presolved: 15360 rows, 14480 columns, 340427 nonzeros

[22/Jul/2024 16:55:53] INFO [lp_solver.py:56] 
Concurrent LP optimizer: primal simplex, dual simplex, and barrier
[22/Jul/2024 16:55:53] INFO [lp_solver.py:56] Concurrent LP optimizer: primal simplex, dual simplex, and barrier
Showing barrier log only...
[22/Jul/2024 16:55:53] INFO [lp_solver.py:56] Showing barrier log only...

[22/Jul/2024 16:55:53] INFO [lp_solver.py:56] 
Ordering time: 1.27s
[22/Jul/2024 16:55:54] INFO [lp_solver.py:56] Ordering time: 1.27s

[22/Jul/2024 16:55:54] INFO [lp_solver.py:56] 
Barrier statistics:
[22/Jul/2024 16:55:54] INFO [lp_solver.py:56] Barrier statistics:
 AA' NZ     : 1.557e+06
[22/Jul/2024 16:55:54] INFO [lp_solver.py:56]  AA' NZ     : 1.557e+06
 Factor NZ  : 1.885e+07 (roughly 160 MB of memory)
[22/Jul/2024 16:55:54] INFO [lp_solver.py:56]  Factor NZ  : 1.885e+07 (roughly 160 MB of memory)
 Factor Ops : 3.760e+10 (less than 1 second per iteration)
[22/Jul/2024 16:55:54] INFO [lp_solver.py:56]  Factor Ops : 3.760e+10 (less than 1 second per iteration)
 Threads    : 14
[22/Jul/2024 16:55:54] INFO [lp_solver.py:56]  Threads    : 14

[22/Jul/2024 16:55:55] INFO [lp_solver.py:56] 
                  Objective                Residual
[22/Jul/2024 16:55:55] INFO [lp_solver.py:56]                   Objective                Residual
Iter       Primal          Dual         Primal    Dual     Compl     Time
[22/Jul/2024 16:55:55] INFO [lp_solver.py:56] Iter       Primal          Dual         Primal    Dual     Compl     Time
   0   1.16425910e+07  1.86745436e+05  1.46e+05 4.20e-01  3.84e+02     2s
[22/Jul/2024 16:55:55] INFO [lp_solver.py:56]    0   1.16425910e+07  1.86745436e+05  1.46e+05 4.20e-01  3.84e+02     2s
   1   2.89072824e+06  3.07787315e+05  3.68e+04 1.67e-01  9.74e+01     2s
[22/Jul/2024 16:55:55] INFO [lp_solver.py:56]    1   2.89072824e+06  3.07787315e+05  3.68e+04 1.67e-01  9.74e+01     2s
   2   5.42375345e+05  2.76220879e+05  6.31e+03 5.31e-03  1.88e+01     2s
[22/Jul/2024 16:55:55] INFO [lp_solver.py:56]    2   5.42375345e+05  2.76220879e+05  6.31e+03 5.31e-03  1.88e+01     2s
   3   2.15239718e+05  1.78645482e+05  1.87e+03 1.78e-15  5.11e+00     2s
[22/Jul/2024 16:55:55] INFO [lp_solver.py:56]    3   2.15239718e+05  1.78645482e+05  1.87e+03 1.78e-15  5.11e+00     2s
   4   1.18117076e+05  1.24206662e+05  5.13e+02 1.33e-15  1.63e+00     2s
[22/Jul/2024 16:55:55] INFO [lp_solver.py:56]    4   1.18117076e+05  1.24206662e+05  5.13e+02 1.33e-15  1.63e+00     2s
   5   8.86575001e+04  9.76133024e+04  8.99e+01 1.55e-15  4.41e-01     2s
[22/Jul/2024 16:55:55] INFO [lp_solver.py:56]    5   8.86575001e+04  9.76133024e+04  8.99e+01 1.55e-15  4.41e-01     2s
   6   8.59678790e+04  8.91957965e+04  2.35e+01 1.78e-15  1.32e-01     2s
[22/Jul/2024 16:55:55] INFO [lp_solver.py:56]    6   8.59678790e+04  8.91957965e+04  2.35e+01 1.78e-15  1.32e-01     2s
   7   8.57737107e+04  8.71446034e+04  8.61e+00 1.55e-15  5.22e-02     2s
[22/Jul/2024 16:55:55] INFO [lp_solver.py:56]    7   8.57737107e+04  8.71446034e+04  8.61e+00 1.55e-15  5.22e-02     2s
   8   8.57622041e+04  8.63965258e+04  2.89e+00 1.78e-15  2.13e-02     2s
[22/Jul/2024 16:55:55] INFO [lp_solver.py:56]    8   8.57622041e+04  8.63965258e+04  2.89e+00 1.78e-15  2.13e-02     2s
   9   8.57777409e+04  8.61406588e+04  1.93e+00 1.78e-15  1.29e-02     3s
[22/Jul/2024 16:55:55] INFO [lp_solver.py:56]    9   8.57777409e+04  8.61406588e+04  1.93e+00 1.78e-15  1.29e-02     3s
  10   8.57978594e+04  8.60097943e+04  9.79e-01 1.11e-15  7.15e-03     3s
[22/Jul/2024 16:55:55] INFO [lp_solver.py:56]   10   8.57978594e+04  8.60097943e+04  9.79e-01 1.11e-15  7.15e-03     3s
  11   8.58084399e+04  8.59257209e+04  5.11e-01 2.44e-15  3.88e-03     3s
[22/Jul/2024 16:55:56] INFO [lp_solver.py:56]   11   8.58084399e+04  8.59257209e+04  5.11e-01 2.44e-15  3.88e-03     3s
  12   8.58146452e+04  8.58748457e+04  2.59e-01 1.78e-15  1.98e-03     3s
[22/Jul/2024 16:55:56] INFO [lp_solver.py:56]   12   8.58146452e+04  8.58748457e+04  2.59e-01 1.78e-15  1.98e-03     3s
  13   8.58188724e+04  8.58486793e+04  8.93e-02 1.55e-15  8.88e-04     3s
[22/Jul/2024 16:55:56] INFO [lp_solver.py:56]   13   8.58188724e+04  8.58486793e+04  8.93e-02 1.55e-15  8.88e-04     3s
  14   8.58209099e+04  8.58274745e+04  2.95e-02 1.55e-15  2.20e-04     3s
[22/Jul/2024 16:55:56] INFO [lp_solver.py:56]   14   8.58209099e+04  8.58274745e+04  2.95e-02 1.55e-15  2.20e-04     3s
  15   8.58221183e+04  8.58239242e+04  4.15e-03 1.33e-15  5.08e-05     3s
[22/Jul/2024 16:55:56] INFO [lp_solver.py:56]   15   8.58221183e+04  8.58239242e+04  4.15e-03 1.33e-15  5.08e-05     3s
  16   8.58223072e+04  8.58228668e+04  1.30e-03 1.78e-15  1.58e-05     3s
[22/Jul/2024 16:55:56] INFO [lp_solver.py:56]   16   8.58223072e+04  8.58228668e+04  1.30e-03 1.78e-15  1.58e-05     3s
  17   8.58223772e+04  8.58225565e+04  3.75e-04 1.33e-15  4.96e-06     4s
[22/Jul/2024 16:55:56] INFO [lp_solver.py:56]   17   8.58223772e+04  8.58225565e+04  3.75e-04 1.33e-15  4.96e-06     4s
  18   8.58223976e+04  8.58224714e+04  1.31e-04 2.22e-15  1.98e-06     4s
[22/Jul/2024 16:55:57] INFO [lp_solver.py:56]   18   8.58223976e+04  8.58224714e+04  1.31e-04 2.22e-15  1.98e-06     4s
  19   8.58224032e+04  8.58224492e+04  6.81e-05 1.33e-15  1.21e-06     4s
[22/Jul/2024 16:55:57] INFO [lp_solver.py:56]   19   8.58224032e+04  8.58224492e+04  6.81e-05 1.33e-15  1.21e-06     4s
  20   8.58224060e+04  8.58224271e+04  3.91e-05 1.78e-15  5.72e-07     4s
[22/Jul/2024 16:55:57] INFO [lp_solver.py:56]   20   8.58224060e+04  8.58224271e+04  3.91e-05 1.78e-15  5.72e-07     4s
  21   8.58224097e+04  8.58224102e+04  1.33e-15 1.78e-15  1.31e-08     4s
[22/Jul/2024 16:55:57] INFO [lp_solver.py:56]   21   8.58224097e+04  8.58224102e+04  1.33e-15 1.78e-15  1.31e-08     4s
  22   8.58224099e+04  8.58224099e+04  3.85e-09 1.55e-15  1.58e-11     4s
[22/Jul/2024 16:55:57] INFO [lp_solver.py:56]   22   8.58224099e+04  8.58224099e+04  3.85e-09 1.55e-15  1.58e-11     4s

[22/Jul/2024 16:55:57] INFO [lp_solver.py:56] 
Barrier solved model in 22 iterations and 4.29 seconds (5.58 work units)
[22/Jul/2024 16:55:57] INFO [lp_solver.py:56] Barrier solved model in 22 iterations and 4.29 seconds (5.58 work units)
Optimal objective 8.58224099e+04
[22/Jul/2024 16:55:57] INFO [lp_solver.py:56] Optimal objective 8.58224099e+04

[22/Jul/2024 16:55:57] INFO [lp_solver.py:56] 
Crossover log...
[22/Jul/2024 16:55:57] INFO [lp_solver.py:56] Crossover log...

[22/Jul/2024 16:55:57] INFO [lp_solver.py:56] 
     108 DPushes remaining with DInf 0.0000000e+00                 4s
[22/Jul/2024 16:55:57] INFO [lp_solver.py:56]      108 DPushes remaining with DInf 0.0000000e+00                 4s
       0 DPushes remaining with DInf 0.0000000e+00                 4s
[22/Jul/2024 16:55:57] INFO [lp_solver.py:56]        0 DPushes remaining with DInf 0.0000000e+00                 4s

[22/Jul/2024 16:55:57] INFO [lp_solver.py:56] 
    3135 PPushes remaining with PInf 0.0000000e+00                 4s
[22/Jul/2024 16:55:57] INFO [lp_solver.py:56]     3135 PPushes remaining with PInf 0.0000000e+00                 4s
       0 PPushes remaining with PInf 0.0000000e+00                 4s
[22/Jul/2024 16:55:57] INFO [lp_solver.py:56]        0 PPushes remaining with PInf 0.0000000e+00                 4s

[22/Jul/2024 16:55:57] INFO [lp_solver.py:56] 
  Push phase complete: Pinf 0.0000000e+00, Dinf 6.6076875e-12      4s
[22/Jul/2024 16:55:57] INFO [lp_solver.py:56]   Push phase complete: Pinf 0.0000000e+00, Dinf 6.6076875e-12      4s

[22/Jul/2024 16:55:57] INFO [lp_solver.py:56] 

[22/Jul/2024 16:55:57] INFO [lp_solver.py:56] 
Solved with barrier
[22/Jul/2024 16:55:57] INFO [lp_solver.py:56] Solved with barrier
Iteration    Objective       Primal Inf.    Dual Inf.      Time
[22/Jul/2024 16:55:57] INFO [lp_solver.py:56] Iteration    Objective       Primal Inf.    Dual Inf.      Time
    3235    8.5822410e+04   0.000000e+00   0.000000e+00      4s
[22/Jul/2024 16:55:57] INFO [lp_solver.py:56]     3235    8.5822410e+04   0.000000e+00   0.000000e+00      4s

[22/Jul/2024 16:55:57] INFO [lp_solver.py:56] 
Solved in 3235 iterations and 4.44 seconds (5.75 work units)
[22/Jul/2024 16:55:57] INFO [lp_solver.py:56] Solved in 3235 iterations and 4.44 seconds (5.75 work units)
Optimal objective  8.582240986e+04
[22/Jul/2024 16:55:57] INFO [lp_solver.py:56] Optimal objective  8.582240986e+04
Computing topology 1: 100%|██████████| 1/1 [01:06<00:00, 66.77s/it]Computing topology 1: 100%|██████████| 1/1 [01:06<00:00, 66.77s/it]
Computing topology 2:   0%|          | 0/1 [00:00<?, ?it/s]Set parameter Threads to value 16
[22/Jul/2024 16:57:26] INFO [lp_solver.py:45] Set parameter Threads to value 16
Set parameter Method to value 3
[22/Jul/2024 16:57:26] INFO [lp_solver.py:46] Set parameter Method to value 3
Gurobi Optimizer version 11.0.1 build v11.0.1rc0 (linux64 - "Ubuntu 20.04.6 LTS")
[22/Jul/2024 16:57:26] INFO [lp_solver.py:56] Gurobi Optimizer version 11.0.1 build v11.0.1rc0 (linux64 - "Ubuntu 20.04.6 LTS")

[22/Jul/2024 16:57:26] INFO [lp_solver.py:56] 
CPU model: AMD EPYC 7V13 64-Core Processor, instruction set [SSE2|AVX|AVX2]
[22/Jul/2024 16:57:26] INFO [lp_solver.py:56] CPU model: AMD EPYC 7V13 64-Core Processor, instruction set [SSE2|AVX|AVX2]
Thread count: 24 physical cores, 24 logical processors, using up to 16 threads
[22/Jul/2024 16:57:26] INFO [lp_solver.py:56] Thread count: 24 physical cores, 24 logical processors, using up to 16 threads

[22/Jul/2024 16:57:26] INFO [lp_solver.py:56] 
Optimize a model with 22994 rows, 16075 columns and 398880 nonzeros
[22/Jul/2024 16:57:26] INFO [lp_solver.py:56] Optimize a model with 22994 rows, 16075 columns and 398880 nonzeros
Model fingerprint: 0x664d31b0
[22/Jul/2024 16:57:26] INFO [lp_solver.py:56] Model fingerprint: 0x664d31b0
Coefficient statistics:
[22/Jul/2024 16:57:26] INFO [lp_solver.py:56] Coefficient statistics:
  Matrix range     [1e+00, 1e+00]
[22/Jul/2024 16:57:26] INFO [lp_solver.py:56]   Matrix range     [1e+00, 1e+00]
  Objective range  [1e+00, 1e+00]
[22/Jul/2024 16:57:26] INFO [lp_solver.py:56]   Objective range  [1e+00, 1e+00]
  Bounds range     [0e+00, 0e+00]
[22/Jul/2024 16:57:26] INFO [lp_solver.py:56]   Bounds range     [0e+00, 0e+00]
  RHS range        [3e+00, 8e+02]
[22/Jul/2024 16:57:26] INFO [lp_solver.py:56]   RHS range        [3e+00, 8e+02]
Presolve removed 7691 rows and 1686 columns
[22/Jul/2024 16:57:26] INFO [lp_solver.py:56] Presolve removed 7691 rows and 1686 columns
Presolve time: 0.10s
[22/Jul/2024 16:57:26] INFO [lp_solver.py:56] Presolve time: 0.10s
Presolved: 15303 rows, 14389 columns, 337492 nonzeros
[22/Jul/2024 16:57:26] INFO [lp_solver.py:56] Presolved: 15303 rows, 14389 columns, 337492 nonzeros

[22/Jul/2024 16:57:26] INFO [lp_solver.py:56] 
Concurrent LP optimizer: primal simplex, dual simplex, and barrier
[22/Jul/2024 16:57:26] INFO [lp_solver.py:56] Concurrent LP optimizer: primal simplex, dual simplex, and barrier
Showing barrier log only...
[22/Jul/2024 16:57:26] INFO [lp_solver.py:56] Showing barrier log only...

[22/Jul/2024 16:57:26] INFO [lp_solver.py:56] 
Ordering time: 1.21s
[22/Jul/2024 16:57:28] INFO [lp_solver.py:56] Ordering time: 1.21s

[22/Jul/2024 16:57:28] INFO [lp_solver.py:56] 
Barrier statistics:
[22/Jul/2024 16:57:28] INFO [lp_solver.py:56] Barrier statistics:
 AA' NZ     : 1.543e+06
[22/Jul/2024 16:57:28] INFO [lp_solver.py:56]  AA' NZ     : 1.543e+06
 Factor NZ  : 1.843e+07 (roughly 160 MB of memory)
[22/Jul/2024 16:57:28] INFO [lp_solver.py:56]  Factor NZ  : 1.843e+07 (roughly 160 MB of memory)
 Factor Ops : 3.605e+10 (less than 1 second per iteration)
[22/Jul/2024 16:57:28] INFO [lp_solver.py:56]  Factor Ops : 3.605e+10 (less than 1 second per iteration)
 Threads    : 14
[22/Jul/2024 16:57:28] INFO [lp_solver.py:56]  Threads    : 14

[22/Jul/2024 16:57:28] INFO [lp_solver.py:56] 
                  Objective                Residual
[22/Jul/2024 16:57:28] INFO [lp_solver.py:56]                   Objective                Residual
Iter       Primal          Dual         Primal    Dual     Compl     Time
[22/Jul/2024 16:57:28] INFO [lp_solver.py:56] Iter       Primal          Dual         Primal    Dual     Compl     Time
   0   1.15358121e+07  1.86447355e+05  1.41e+05 3.87e-01  3.78e+02     2s
[22/Jul/2024 16:57:28] INFO [lp_solver.py:56]    0   1.15358121e+07  1.86447355e+05  1.41e+05 3.87e-01  3.78e+02     2s
   1   2.90473195e+06  3.05028746e+05  3.62e+04 1.74e-01  9.69e+01     2s
[22/Jul/2024 16:57:28] INFO [lp_solver.py:56]    1   2.90473195e+06  3.05028746e+05  3.62e+04 1.74e-01  9.69e+01     2s
   2   4.65854211e+05  2.75043824e+05  5.21e+03 4.72e-03  1.71e+01     2s
[22/Jul/2024 16:57:28] INFO [lp_solver.py:56]    2   4.65854211e+05  2.75043824e+05  5.21e+03 4.72e-03  1.71e+01     2s
   3   1.91727122e+05  1.77068785e+05  1.54e+03 1.78e-15  4.66e+00     2s
[22/Jul/2024 16:57:28] INFO [lp_solver.py:56]    3   1.91727122e+05  1.77068785e+05  1.54e+03 1.78e-15  4.66e+00     2s
   4   1.09357576e+05  1.26623856e+05  3.93e+02 1.78e-15  1.57e+00     2s
[22/Jul/2024 16:57:28] INFO [lp_solver.py:56]    4   1.09357576e+05  1.26623856e+05  3.93e+02 1.78e-15  1.57e+00     2s
   5   9.18258226e+04  9.61613336e+04  1.28e+02 1.55e-15  4.45e-01     2s
[22/Jul/2024 16:57:28] INFO [lp_solver.py:56]    5   9.18258226e+04  9.61613336e+04  1.28e+02 1.55e-15  4.45e-01     2s
   6   8.66789543e+04  8.87841523e+04  3.22e+01 1.55e-15  1.33e-01     2s
[22/Jul/2024 16:57:28] INFO [lp_solver.py:56]    6   8.66789543e+04  8.87841523e+04  3.22e+01 1.55e-15  1.33e-01     2s
   7   8.58605166e+04  8.71402617e+04  9.98e+00 1.78e-15  5.49e-02     2s
[22/Jul/2024 16:57:28] INFO [lp_solver.py:56]    7   8.58605166e+04  8.71402617e+04  9.98e+00 1.78e-15  5.49e-02     2s
   8   8.57646157e+04  8.63402370e+04  4.07e+00 1.33e-15  2.35e-02     2s
[22/Jul/2024 16:57:28] INFO [lp_solver.py:56]    8   8.57646157e+04  8.63402370e+04  4.07e+00 1.33e-15  2.35e-02     2s
   9   8.57497313e+04  8.60975744e+04  2.14e+00 1.33e-15  1.34e-02     2s
[22/Jul/2024 16:57:29] INFO [lp_solver.py:56]    9   8.57497313e+04  8.60975744e+04  2.14e+00 1.33e-15  1.34e-02     2s
  10   8.57459211e+04  8.59508186e+04  1.11e+00 1.55e-15  7.48e-03     3s
[22/Jul/2024 16:57:29] INFO [lp_solver.py:56]   10   8.57459211e+04  8.59508186e+04  1.11e+00 1.55e-15  7.48e-03     3s
  11   8.57450012e+04  8.58634901e+04  5.13e-01 1.33e-15  3.99e-03     3s
[22/Jul/2024 16:57:29] INFO [lp_solver.py:56]   11   8.57450012e+04  8.58634901e+04  5.13e-01 1.33e-15  3.99e-03     3s
  12   8.57453131e+04  8.58128953e+04  2.79e-01 1.78e-15  2.25e-03     3s
[22/Jul/2024 16:57:29] INFO [lp_solver.py:56]   12   8.57453131e+04  8.58128953e+04  2.79e-01 1.78e-15  2.25e-03     3s
  13   8.57465363e+04  8.57754352e+04  1.17e-01 1.78e-15  9.56e-04     3s
[22/Jul/2024 16:57:29] INFO [lp_solver.py:56]   13   8.57465363e+04  8.57754352e+04  1.17e-01 1.78e-15  9.56e-04     3s
  14   8.57473172e+04  8.57579516e+04  5.14e-02 1.78e-15  3.73e-04     3s
[22/Jul/2024 16:57:29] INFO [lp_solver.py:56]   14   8.57473172e+04  8.57579516e+04  5.14e-02 1.78e-15  3.73e-04     3s
  15   8.57479395e+04  8.57533765e+04  1.60e-02 1.55e-15  1.64e-04     3s
[22/Jul/2024 16:57:29] INFO [lp_solver.py:56]   15   8.57479395e+04  8.57533765e+04  1.60e-02 1.55e-15  1.64e-04     3s
  16   8.57481942e+04  8.57490666e+04  4.90e-03 2.00e-15  3.24e-05     3s
[22/Jul/2024 16:57:29] INFO [lp_solver.py:56]   16   8.57481942e+04  8.57490666e+04  4.90e-03 2.00e-15  3.24e-05     3s
  17   8.57483164e+04  8.57487572e+04  1.26e-03 1.33e-15  1.33e-05     4s
[22/Jul/2024 16:57:30] INFO [lp_solver.py:56]   17   8.57483164e+04  8.57487572e+04  1.26e-03 1.33e-15  1.33e-05     4s
  18   8.57483426e+04  8.57484965e+04  6.09e-04 1.78e-15  5.07e-06     4s
[22/Jul/2024 16:57:30] INFO [lp_solver.py:56]   18   8.57483426e+04  8.57484965e+04  6.09e-04 1.78e-15  5.07e-06     4s
  19   8.57483647e+04  8.57484148e+04  1.05e-04 1.55e-15  1.41e-06     4s
[22/Jul/2024 16:57:30] INFO [lp_solver.py:56]   19   8.57483647e+04  8.57484148e+04  1.05e-04 1.55e-15  1.41e-06     4s
  20   8.57483698e+04  8.57483740e+04  1.09e-06 1.55e-15  9.87e-08     4s
[22/Jul/2024 16:57:30] INFO [lp_solver.py:56]   20   8.57483698e+04  8.57483740e+04  1.09e-06 1.55e-15  9.87e-08     4s
  21   8.57483703e+04  8.57483704e+04  2.17e-08 2.66e-15  1.75e-09     4s
[22/Jul/2024 16:57:30] INFO [lp_solver.py:56]   21   8.57483703e+04  8.57483704e+04  2.17e-08 2.66e-15  1.75e-09     4s

[22/Jul/2024 16:57:30] INFO [lp_solver.py:56] 
Barrier solved model in 21 iterations and 4.07 seconds (5.22 work units)
[22/Jul/2024 16:57:30] INFO [lp_solver.py:56] Barrier solved model in 21 iterations and 4.07 seconds (5.22 work units)
Optimal objective 8.57483703e+04
[22/Jul/2024 16:57:30] INFO [lp_solver.py:56] Optimal objective 8.57483703e+04

[22/Jul/2024 16:57:30] INFO [lp_solver.py:56] 
Crossover log...
[22/Jul/2024 16:57:30] INFO [lp_solver.py:56] Crossover log...

[22/Jul/2024 16:57:30] INFO [lp_solver.py:56] 
     488 DPushes remaining with DInf 0.0000000e+00                 4s
[22/Jul/2024 16:57:30] INFO [lp_solver.py:56]      488 DPushes remaining with DInf 0.0000000e+00                 4s
       0 DPushes remaining with DInf 0.0000000e+00                 4s
[22/Jul/2024 16:57:30] INFO [lp_solver.py:56]        0 DPushes remaining with DInf 0.0000000e+00                 4s

[22/Jul/2024 16:57:30] INFO [lp_solver.py:56] 
    3319 PPushes remaining with PInf 0.0000000e+00                 4s
[22/Jul/2024 16:57:30] INFO [lp_solver.py:56]     3319 PPushes remaining with PInf 0.0000000e+00                 4s
       0 PPushes remaining with PInf 0.0000000e+00                 4s
[22/Jul/2024 16:57:30] INFO [lp_solver.py:56]        0 PPushes remaining with PInf 0.0000000e+00                 4s

[22/Jul/2024 16:57:30] INFO [lp_solver.py:56] 
  Push phase complete: Pinf 0.0000000e+00, Dinf 6.7958841e-04      4s
[22/Jul/2024 16:57:30] INFO [lp_solver.py:56]   Push phase complete: Pinf 0.0000000e+00, Dinf 6.7958841e-04      4s

[22/Jul/2024 16:57:30] INFO [lp_solver.py:56] 
Iteration    Objective       Primal Inf.    Dual Inf.      Time
[22/Jul/2024 16:57:30] INFO [lp_solver.py:56] Iteration    Objective       Primal Inf.    Dual Inf.      Time
    3799    8.5748370e+04   0.000000e+00   6.795884e-04      4s
[22/Jul/2024 16:57:30] INFO [lp_solver.py:56]     3799    8.5748370e+04   0.000000e+00   6.795884e-04      4s

[22/Jul/2024 16:57:30] INFO [lp_solver.py:56] 
Solved with barrier
[22/Jul/2024 16:57:30] INFO [lp_solver.py:56] Solved with barrier
    3801    8.5748370e+04   0.000000e+00   0.000000e+00      4s
[22/Jul/2024 16:57:30] INFO [lp_solver.py:56]     3801    8.5748370e+04   0.000000e+00   0.000000e+00      4s

[22/Jul/2024 16:57:30] INFO [lp_solver.py:56] 
Solved in 3801 iterations and 4.31 seconds (5.49 work units)
[22/Jul/2024 16:57:30] INFO [lp_solver.py:56] Solved in 3801 iterations and 4.31 seconds (5.49 work units)
Optimal objective  8.574837037e+04
[22/Jul/2024 16:57:30] INFO [lp_solver.py:56] Optimal objective  8.574837037e+04
Computing topology 2: 100%|██████████| 1/1 [01:07<00:00, 67.95s/it]Computing topology 2: 100%|██████████| 1/1 [01:07<00:00, 67.95s/it]
